patching file mcs/build/config-default.make
patching file mcs/build/library.make
patching file mcs/build/platforms/darwin.make
patching file mcs/build/platforms/linux.make
patching file mcs/build/platforms/win32.make
patching file mcs/build/profiles/basic.make
patching file mcs/build/profiles/net_4_x.make
patching file mcs/build/rules.make
patching file mcs/build/tests.make
patching file mcs/class/Commons.Xml.Relaxng/Makefile
patching file mcs/class/corlib/Makefile
patching file mcs/class/Facades/Microsoft.Win32.Primitives/Makefile
patching file mcs/class/Facades/Microsoft.Win32.Registry/Makefile
patching file mcs/class/Facades/Microsoft.Win32.Registry.AccessControl/Makefile
patching file mcs/class/Facades/System.AppContext/Makefile
patching file mcs/class/Facades/System.Collections/Makefile
patching file mcs/class/Facades/System.Collections.Concurrent/Makefile
patching file mcs/class/Facades/System.Collections.NonGeneric/Makefile
patching file mcs/class/Facades/System.Collections.Specialized/Makefile
patching file mcs/class/Facades/System.ComponentModel/Makefile
patching file mcs/class/Facades/System.ComponentModel.Annotations/Makefile
patching file mcs/class/Facades/System.ComponentModel.EventBasedAsync/Makefile
patching file mcs/class/Facades/System.ComponentModel.Primitives/Makefile
patching file mcs/class/Facades/System.ComponentModel.TypeConverter/Makefile
patching file mcs/class/Facades/System.Console/Makefile
patching file mcs/class/Facades/System.Data.Common/Makefile
patching file mcs/class/Facades/System.Data.SqlClient/Makefile
patching file mcs/class/Facades/System.Diagnostics.Contracts/Makefile
patching file mcs/class/Facades/System.Diagnostics.Debug/Makefile
patching file mcs/class/Facades/System.Diagnostics.FileVersionInfo/Makefile
patching file mcs/class/Facades/System.Diagnostics.Process/Makefile
patching file mcs/class/Facades/System.Diagnostics.StackTrace/Makefile
patching file mcs/class/Facades/System.Diagnostics.TextWriterTraceListener/Makefile
patching file mcs/class/Facades/System.Diagnostics.Tools/Makefile
patching file mcs/class/Facades/System.Diagnostics.TraceEvent/Makefile
patching file mcs/class/Facades/System.Diagnostics.TraceSource/Makefile
patching file mcs/class/Facades/System.Diagnostics.Tracing/Makefile
patching file mcs/class/Facades/System.Drawing.Primitives/Makefile
patching file mcs/class/Facades/System.Dynamic.Runtime/Makefile
patching file mcs/class/Facades/System.Globalization/Makefile
patching file mcs/class/Facades/System.Globalization.Calendars/Makefile
patching file mcs/class/Facades/System.Globalization.Extensions/Makefile
patching file mcs/class/Facades/System.IO/Makefile
patching file mcs/class/Facades/System.IO.Compression.ZipFile/Makefile
patching file mcs/class/Facades/System.IO.FileSystem/Makefile
patching file mcs/class/Facades/System.IO.FileSystem.AccessControl/Makefile
patching file mcs/class/Facades/System.IO.FileSystem.DriveInfo/Makefile
patching file mcs/class/Facades/System.IO.FileSystem.Primitives/Makefile
patching file mcs/class/Facades/System.IO.FileSystem.Watcher/Makefile
patching file mcs/class/Facades/System.IO.IsolatedStorage/Makefile
patching file mcs/class/Facades/System.IO.MemoryMappedFiles/Makefile
patching file mcs/class/Facades/System.IO.Pipes/Makefile
patching file mcs/class/Facades/System.IO.UnmanagedMemoryStream/Makefile
patching file mcs/class/Facades/System.Linq/Makefile
patching file mcs/class/Facades/System.Linq.Expressions/Makefile
patching file mcs/class/Facades/System.Linq.Parallel/Makefile
patching file mcs/class/Facades/System.Linq.Queryable/Makefile
patching file mcs/class/Facades/System.Net.AuthenticationManager/Makefile
patching file mcs/class/Facades/System.Net.Cache/Makefile
patching file mcs/class/Facades/System.Net.HttpListener/Makefile
patching file mcs/class/Facades/System.Net.Mail/Makefile
patching file mcs/class/Facades/System.Net.NameResolution/Makefile
patching file mcs/class/Facades/System.Net.NetworkInformation/Makefile
patching file mcs/class/Facades/System.Net.Ping/Makefile
patching file mcs/class/Facades/System.Net.Primitives/Makefile
patching file mcs/class/Facades/System.Net.Requests/Makefile
patching file mcs/class/Facades/System.Net.Security/Makefile
patching file mcs/class/Facades/System.Net.ServicePoint/Makefile
patching file mcs/class/Facades/System.Net.Sockets/Makefile
patching file mcs/class/Facades/System.Net.Utilities/Makefile
patching file mcs/class/Facades/System.Net.WebHeaderCollection/Makefile
patching file mcs/class/Facades/System.Net.WebSockets/Makefile
patching file mcs/class/Facades/System.Net.WebSockets.Client/Makefile
patching file mcs/class/Facades/System.ObjectModel/Makefile
patching file mcs/class/Facades/System.Reflection/Makefile
patching file mcs/class/Facades/System.Reflection.Emit/Makefile
patching file mcs/class/Facades/System.Reflection.Emit.ILGeneration/Makefile
patching file mcs/class/Facades/System.Reflection.Emit.Lightweight/Makefile
patching file mcs/class/Facades/System.Reflection.Extensions/Makefile
patching file mcs/class/Facades/System.Reflection.Primitives/Makefile
patching file mcs/class/Facades/System.Reflection.TypeExtensions/Makefile
patching file mcs/class/Facades/System.Resources.ReaderWriter/Makefile
patching file mcs/class/Facades/System.Resources.ResourceManager/Makefile
patching file mcs/class/Facades/System.Runtime/Makefile
patching file mcs/class/Facades/System.Runtime.CompilerServices.VisualC/Makefile
patching file mcs/class/Facades/System.Runtime.Extensions/Makefile
patching file mcs/class/Facades/System.Runtime.Handles/Makefile
patching file mcs/class/Facades/System.Runtime.InteropServices/Makefile
patching file mcs/class/Facades/System.Runtime.InteropServices.WindowsRuntime/Makefile
patching file mcs/class/Facades/System.Runtime.Numerics/Makefile
patching file mcs/class/Facades/System.Runtime.Serialization.Formatters/Makefile
patching file mcs/class/Facades/System.Runtime.Serialization.Json/Makefile
patching file mcs/class/Facades/System.Runtime.Serialization.Primitives/Makefile
patching file mcs/class/Facades/System.Runtime.Serialization.Xml/Makefile
patching file mcs/class/Facades/System.Security.AccessControl/Makefile
patching file mcs/class/Facades/System.Security.Claims/Makefile
patching file mcs/class/Facades/System.Security.Cryptography.Cng/Makefile
patching file mcs/class/Facades/System.Security.Cryptography.Csp/Makefile
patching file mcs/class/Facades/System.Security.Cryptography.DeriveBytes/Makefile
patching file mcs/class/Facades/System.Security.Cryptography.Encoding/Makefile
patching file mcs/class/Facades/System.Security.Cryptography.Encryption/Makefile
patching file mcs/class/Facades/System.Security.Cryptography.Encryption.Aes/Makefile
patching file mcs/class/Facades/System.Security.Cryptography.Encryption.ECDiffieHellman/Makefile
patching file mcs/class/Facades/System.Security.Cryptography.Encryption.ECDsa/Makefile
patching file mcs/class/Facades/System.Security.Cryptography.Hashing/Makefile
patching file mcs/class/Facades/System.Security.Cryptography.Hashing.Algorithms/Makefile
patching file mcs/class/Facades/System.Security.Cryptography.Pkcs/Makefile
patching file mcs/class/Facades/System.Security.Cryptography.Primitives/Makefile
patching file mcs/class/Facades/System.Security.Cryptography.ProtectedData/Makefile
patching file mcs/class/Facades/System.Security.Cryptography.RandomNumberGenerator/Makefile
patching file mcs/class/Facades/System.Security.Cryptography.RSA/Makefile
patching file mcs/class/Facades/System.Security.Cryptography.X509Certificates/Makefile
patching file mcs/class/Facades/System.Security.Principal/Makefile
patching file mcs/class/Facades/System.Security.Principal.Windows/Makefile
patching file mcs/class/Facades/System.Security.SecureString/Makefile
patching file mcs/class/Facades/System.ServiceModel.Duplex/Makefile
patching file mcs/class/Facades/System.ServiceModel.Http/Makefile
patching file mcs/class/Facades/System.ServiceModel.NetTcp/Makefile
patching file mcs/class/Facades/System.ServiceModel.Primitives/Makefile
patching file mcs/class/Facades/System.ServiceModel.Security/Makefile
patching file mcs/class/Facades/System.ServiceProcess.ServiceController/Makefile
patching file mcs/class/Facades/System.Text.Encoding/Makefile
patching file mcs/class/Facades/System.Text.Encoding.CodePages/Makefile
patching file mcs/class/Facades/System.Text.Encoding.Extensions/Makefile
patching file mcs/class/Facades/System.Text.RegularExpressions/Makefile
patching file mcs/class/Facades/System.Threading/Makefile
patching file mcs/class/Facades/System.Threading.AccessControl/Makefile
patching file mcs/class/Facades/System.Threading.Overlapped/Makefile
patching file mcs/class/Facades/System.Threading.Tasks/Makefile
patching file mcs/class/Facades/System.Threading.Tasks.Parallel/Makefile
patching file mcs/class/Facades/System.Threading.Thread/Makefile
patching file mcs/class/Facades/System.Threading.ThreadPool/Makefile
patching file mcs/class/Facades/System.Threading.Timer/Makefile
patching file mcs/class/Facades/System.Xml.ReaderWriter/Makefile
patching file mcs/class/Facades/System.Xml.XDocument/Makefile
patching file mcs/class/Facades/System.Xml.XmlDocument/Makefile
patching file mcs/class/Facades/System.Xml.XmlSerializer/Makefile
patching file mcs/class/Facades/System.Xml.XPath/Makefile
patching file mcs/class/Facades/System.Xml.XPath.XDocument/Makefile
patching file mcs/class/Facades/System.Xml.Xsl.Primitives/Makefile
patching file mcs/class/I18N/CJK/Makefile
patching file mcs/class/I18N/Common/Makefile
patching file mcs/class/I18N/MidEast/Makefile
patching file mcs/class/I18N/Other/Makefile
patching file mcs/class/I18N/Rare/Makefile
patching file mcs/class/I18N/West/Makefile
patching file mcs/class/IBM.Data.DB2/Makefile
patching file mcs/class/legacy/Mono.Cecil/Makefile
patching file mcs/class/Microsoft.Build.Engine/Makefile
patching file mcs/class/Microsoft.Build.Tasks/Makefile
patching file mcs/class/Microsoft.NuGet.Build.Tasks/Makefile
patching file mcs/class/Mono.Cecil/Makefile
patching file mcs/class/Mono.Cecil.Mdb/Makefile
patching file mcs/class/Mono.Data.Sqlite/Makefile
patching file mcs/class/Mono.Debugger.Soft/Makefile
patching file mcs/class/Mono.Posix/Makefile
patching file mcs/class/Mono.Security.Win32/Makefile
patching file mcs/class/Mono.Simd/Makefile
patching file mcs/class/monodoc/Makefile
patching file mcs/class/RabbitMQ.Client/docs/specs/Makefile
patching file mcs/class/RabbitMQ.Client/src/apigen/Makefile
patching file mcs/class/System.Data.Linq/Makefile
patching file mcs/class/System.Data.OracleClient/Makefile
patching file mcs/class/System.Drawing/Makefile
patching file mcs/class/System.EnterpriseServices/Makefile
patching file mcs/class/System.IdentityModel.Selectors/Makefile
patching file mcs/class/System.IO.Compression/Makefile
patching file mcs/class/System.Json.Microsoft/Makefile
patching file mcs/class/System.Messaging/Makefile
patching file mcs/class/System.Numerics/Makefile
patching file mcs/class/System.Reactive.Core/Makefile
patching file mcs/class/System.Reactive.Linq/Makefile
patching file mcs/class/System.Reactive.Observable.Aliases/Makefile
patching file mcs/class/System.Reactive.PlatformServices/Makefile
patching file mcs/class/System.Reactive.Providers/Makefile
patching file mcs/class/System.Reactive.Windows.Threading/Makefile
patching file mcs/class/System.Runtime.Serialization/Makefile
patching file mcs/class/System.ServiceModel/Makefile
patching file mcs/class/System.ServiceModel.Internals/Makefile
patching file mcs/class/System.ServiceProcess/Makefile
patching file mcs/class/System.Transactions/Makefile
patching file mcs/class/System.Web/Makefile
patching file mcs/class/System.Web/Test/standalone/response/Makefile
patching file mcs/class/System.Web/Test/TestMonoWeb/Makefile
patching file mcs/class/System.Web.Razor/Makefile
patching file mcs/class/System.Web.WebPages/Makefile
patching file mcs/class/System.Web.WebPages.Deployment/Makefile
patching file mcs/class/System.Web.WebPages.Razor/Makefile
patching file mcs/class/System.Windows.Forms/Makefile
patching file mcs/errors/Makefile
patching file mcs/ilasm/Makefile
patching file mcs/mcs/Makefile
patching file mcs/nunit24/ClientUtilities/util/Makefile
patching file mcs/nunit24/ConsoleRunner/nunit-console/Makefile
patching file mcs/nunit24/NUnitCore/core/Makefile
patching file mcs/nunit24/NUnitCore/interfaces/Makefile
patching file mcs/nunit24/NUnitExtensions/core/Makefile
patching file mcs/nunit24/NUnitExtensions/framework/Makefile
patching file mcs/nunit24/NUnitFramework/framework/Makefile
patching file mcs/nunit24/NUnitMocks/mocks/Makefile
patching file mcs/tests/Makefile
patching file mcs/tools/mdoc/Makefile
patching file mcs/tools/mono-service/Makefile
patching file mcs/tools/security/certview/Makefile
patching file mcs/tools/security/Makefile
